<?xml version="1.0" encoding="utf-8"?><testsuites><testsuite name="pytest" errors="0" failures="0" skipped="0" tests="38" time="0.394" timestamp="2024-09-04T18:44:57.507631+00:00" hostname="fv-az1542-383"><testcase classname="tests.test_app" name="test_index" time="0.010" /><testcase classname="tests.test_inicializar_juego" name="test_inicializar_juego_palabra_vacia" time="0.001" /><testcase classname="tests.test_inicializar_juego" name="test_inicializar_juego_palabra_con_numeros" time="0.000" /><testcase classname="tests.test_inicializar_juego" name="test_inicializar_juego_palabra_con_simbolos" time="0.000" /><testcase classname="tests.test_inicializar_juego" name="test_inicializar_juego_palabra_con_mezcla_de_caracteres" time="0.000" /><testcase classname="tests.test_inicializar_juego" name="test_inicializacion_juego_progreso" time="0.000" /><testcase classname="tests.test_inicializar_juego" name="test_inicializacion_juego_intentos" time="0.001" /><testcase classname="tests.test_inicializar_juego" name="test_inicializacion_juego_letras_usadas" time="0.000" /><testcase classname="tests.test_inicializar_juego" name="test_inicializacion_juego_bool_acerto" time="0.000" /><testcase classname="tests.test_letra" name="test_letra_invalida_mensaje" time="0.001" /><testcase classname="tests.test_letra" name="test_letra_invalida_progreso" time="0.000" /><testcase classname="tests.test_letra" name="test_letra_invalida_intentos" time="0.000" /><testcase classname="tests.test_letra" name="test_letra_ya_usada_mensaje" time="0.001" /><testcase classname="tests.test_letra" name="test_letra_ya_usada_progreso" time="0.000" /><testcase classname="tests.test_letra" name="test_letra_ya_usada" time="0.000" /><testcase classname="tests.test_letra" name="test_letra_no_esta_mensaje" time="0.000" /><testcase classname="tests.test_letra" name="test_letra_no_esta_progreso" time="0.000" /><testcase classname="tests.test_letra" name="test_letra_no_esta_intentos" time="0.000" /><testcase classname="tests.test_letra" name="test_letra_esta_mensaje" time="0.000" /><testcase classname="tests.test_letra" name="test_letra_esta_progreso" time="0.000" /><testcase classname="tests.test_letra" name="test_letra_esta_intentos" time="0.001" /><testcase classname="tests.test_letra" name="test_letra_pierde_mensaje" time="0.001" /><testcase classname="tests.test_letra" name="test_letra_pierde_intentos" time="0.001" /><testcase classname="tests.test_letra" name="test_letra_gana_mensaje" time="0.001" /><testcase classname="tests.test_letra" name="test_letra_gana_progreso" time="0.001" /><testcase classname="tests.test_letra" name="test_letras_usadas" time="0.001" /><testcase classname="tests.test_nuevo_juego" name="test_reiniciar_juego" time="0.001" /><testcase classname="tests.test_nuevo_juego" name="test_reiniciar_juego_intentos" time="0.001" /><testcase classname="tests.test_nuevo_juego" name="test_reiniciar_juego_letras_usadas" time="0.001" /><testcase classname="tests.test_nuevo_juego" name="test_reiniciar_juego_progreso" time="0.001" /><testcase classname="tests.test_palabra" name="test_palabra_acierta_mensaje" time="0.001" /><testcase classname="tests.test_palabra" name="test_palabra_acierta_progreso" time="0.001" /><testcase classname="tests.test_palabra" name="test_palabra_incorrecta_mensaje" time="0.000" /><testcase classname="tests.test_palabra" name="test_palabra_incorrecta_progreso" time="0.000" /><testcase classname="tests.test_palabra" name="test_palabra_incorrecta_intentos" time="0.001" /><testcase classname="tests.test_palabra" name="test_palabra_pierde_mensaje" time="0.000" /><testcase classname="tests.test_palabra" name="test_palabra_pierde_intentos" time="0.000" /><testcase classname="tests.test_palabra" name="test_palabra_con_espacios_progreso" time="0.001" /></testsuite></testsuites>