<?xml version="1.0" encoding="utf-8"?><testsuites><testsuite name="pytest" errors="0" failures="0" skipped="0" tests="91" time="0.384" timestamp="2024-09-23T10:22:29.098757+00:00" hostname="fv-az2031-962"><testcase classname="tests.test_comenzar_ronda" name="test_comenzar_ronda_1" time="0.001" /><testcase classname="tests.test_comenzar_ronda" name="test_comenzar_ronda_2" time="0.001" /><testcase classname="tests.test_comenzar_ronda" name="test_comenzar_ronda_3" time="0.001" /><testcase classname="tests.test_comenzar_ronda" name="test_comenzar_ronda_4" time="0.001" /><testcase classname="tests.test_inicializar_juego" name="test_inicializar_juego_palabra_vacia" time="0.001" /><testcase classname="tests.test_inicializar_juego" name="test_inicializar_juego_palabra_con_numeros" time="0.000" /><testcase classname="tests.test_inicializar_juego" name="test_inicializar_juego_palabra_con_simbolos" time="0.000" /><testcase classname="tests.test_inicializar_juego" name="test_inicializar_juego_palabra_con_mezcla_de_caracteres" time="0.000" /><testcase classname="tests.test_inicializar_juego" name="test_inicializacion_juego_progreso" time="0.000" /><testcase classname="tests.test_inicializar_juego" name="test_inicializacion_juego_intentos" time="0.000" /><testcase classname="tests.test_inicializar_juego" name="test_inicializacion_juego_letras_usadas" time="0.000" /><testcase classname="tests.test_inicializar_juego" name="test_inicializacion_juego_bool_acerto" time="0.000" /><testcase classname="tests.test_inicializar_juego" name="test_inicializacion_juego_puntaje" time="0.000" /><testcase classname="tests.test_inicializar_juego" name="test_inicializacion_juego_data_intentos" time="0.001" /><testcase classname="tests.test_inicializar_juego" name="test_inicializacion_juego_data_letras_usadas" time="0.001" /><testcase classname="tests.test_inicializar_partida" name="test_inicializar_partida_rondas" time="0.001" /><testcase classname="tests.test_inicializar_partida" name="test_inicializar_partida_jugador" time="0.001" /><testcase classname="tests.test_inicializar_partida" name="test_inicializar_partida_finalizo" time="0.001" /><testcase classname="tests.test_inicializar_partida" name="test_inicializar_partida_ronda_finalizo" time="0.001" /><testcase classname="tests.test_inicializar_partida" name="test_inicializar_partida_puntos" time="0.001" /><testcase classname="tests.test_inicializar_partida" name="test_inicializar_partida_actualizar_puntos" time="0.001" /><testcase classname="tests.test_inicializar_partida" name="test_inicializar_partida_data_rondas" time="0.001" /><testcase classname="tests.test_inicializar_partida" name="test_inicializar_partida_data_jugador" time="0.001" /><testcase classname="tests.test_letra" name="test_letra_invalida_mensaje" time="0.001" /><testcase classname="tests.test_letra" name="test_letra_invalida_progreso" time="0.000" /><testcase classname="tests.test_letra" name="test_letra_invalida_intentos" time="0.000" /><testcase classname="tests.test_letra" name="test_letra_ya_usada_mensaje" time="0.000" /><testcase classname="tests.test_letra" name="test_letra_ya_usada_progreso" time="0.000" /><testcase classname="tests.test_letra" name="test_letra_ya_usada" time="0.000" /><testcase classname="tests.test_letra" name="test_letra_no_esta_mensaje" time="0.000" /><testcase classname="tests.test_letra" name="test_letra_no_esta_progreso" time="0.000" /><testcase classname="tests.test_letra" name="test_letra_no_esta_intentos" time="0.000" /><testcase classname="tests.test_letra" name="test_letra_esta_mensaje" time="0.000" /><testcase classname="tests.test_letra" name="test_letra_esta_progreso" time="0.000" /><testcase classname="tests.test_letra" name="test_letra_esta_intentos" time="0.000" /><testcase classname="tests.test_letra" name="test_letra_pierde_perdio" time="0.000" /><testcase classname="tests.test_letra" name="test_letra_pierde_finalizo" time="0.000" /><testcase classname="tests.test_letra" name="test_letra_pierde_mensaje" time="0.000" /><testcase classname="tests.test_letra" name="test_letra_pierde_intentos" time="0.000" /><testcase classname="tests.test_letra" name="test_letra_pierde_puntaje" time="0.000" /><testcase classname="tests.test_letra" name="test_letra_gana_finalizo" time="0.001" /><testcase classname="tests.test_letra" name="test_letra_gana_mensaje" time="0.000" /><testcase classname="tests.test_letra" name="test_letra_gana_progreso" time="0.000" /><testcase classname="tests.test_letra" name="test_letra_gana_sin_errores_puntaje" time="0.000" /><testcase classname="tests.test_letra" name="test_letra_gana_un_error_puntaje" time="0.000" /><testcase classname="tests.test_letra" name="test_letra_gana_dos_errores_puntaje" time="0.000" /><testcase classname="tests.test_letra" name="test_letra_gana_ultimo_intento_puntaje" time="0.000" /><testcase classname="tests.test_letra" name="test_letras_usadas" time="0.000" /><testcase classname="tests.test_letra" name="test_letra_juego_en_curso_finalizo" time="0.000" /><testcase classname="tests.test_letra" name="test_letra_juego_en_curso_puntaje" time="0.000" /><testcase classname="tests.test_nuevo_juego" name="test_reiniciar_juego" time="0.001" /><testcase classname="tests.test_nuevo_juego" name="test_reiniciar_juego_intentos" time="0.000" /><testcase classname="tests.test_nuevo_juego" name="test_reiniciar_juego_letras_usadas" time="0.000" /><testcase classname="tests.test_nuevo_juego" name="test_reiniciar_juego_progreso" time="0.000" /><testcase classname="tests.test_palabra" name="test_palabra_acierta_mensaje" time="0.001" /><testcase classname="tests.test_palabra" name="test_palabra_acierta_finalizo" time="0.001" /><testcase classname="tests.test_palabra" name="test_palabra_acierta_progreso" time="0.001" /><testcase classname="tests.test_palabra" name="test_palabra_acierta_sin_errores_puntaje" time="0.001" /><testcase classname="tests.test_palabra" name="test_palabra_acierta_un_error_puntaje" time="0.000" /><testcase classname="tests.test_palabra" name="test_palabra_acierta_dos_errores_puntaje" time="0.000" /><testcase classname="tests.test_palabra" name="test_palabra_incorrecta_mensaje" time="0.000" /><testcase classname="tests.test_palabra" name="test_palabra_incorrecta_progreso" time="0.000" /><testcase classname="tests.test_palabra" name="test_palabra_incorrecta_intentos" time="0.000" /><testcase classname="tests.test_palabra" name="test_palabra_pierde_perdio" time="0.001" /><testcase classname="tests.test_palabra" name="test_palabra_pierde_finalizo" time="0.000" /><testcase classname="tests.test_palabra" name="test_palabra_pierde_mensaje" time="0.000" /><testcase classname="tests.test_palabra" name="test_palabra_pierde_intentos" time="0.000" /><testcase classname="tests.test_palabra" name="test_palabra_pierde_puntaje" time="0.000" /><testcase classname="tests.test_palabra" name="test_palabra_con_espacios_progreso" time="0.001" /><testcase classname="tests.test_palabra" name="test_palabra_juego_en_curso_finalizo" time="0.000" /><testcase classname="tests.test_palabra" name="test_palabra_juego_en_curso_puntaje" time="0.000" /><testcase classname="tests.test_partida_completa" name="test_partida_finaliza_una_ronda" time="0.002" /><testcase classname="tests.test_partida_completa" name="test_partida_finaliza_dos_rondas" time="0.003" /><testcase classname="tests.test_partida_completa" name="test_partida_finaliza_tres_rondas" time="0.004" /><testcase classname="tests.test_partida_completa" name="test_partida_finaliza_diez_rondas" time="0.009" /><testcase classname="tests.test_partida_completa" name="test_partida_finaliza_once_rondas" time="0.010" /><testcase classname="tests.test_partida_completa" name="test_partida_finaliza_doce_rondas" time="0.011" /><testcase classname="tests.test_partida_juego" name="test_ronda_gana_finaliza" time="0.002" /><testcase classname="tests.test_partida_juego" name="test_ronda_pierde_finaliza" time="0.002" /><testcase classname="tests.test_partida_juego" name="test_puntos_un_acierto" time="0.002" /><testcase classname="tests.test_partida_juego" name="test_puntos_fallo_acierto" time="0.002" /><testcase classname="tests.test_partida_juego" name="test_puntos_fallo_fallo_acierto" time="0.003" /><testcase classname="tests.test_partida_juego" name="test_puntos_uno_y_uno" time="0.003" /><testcase classname="tests.test_partida_juego" name="test_puntos_acierto_fallo_acierto" time="0.004" /><testcase classname="tests.test_partida_juego" name="test_puntos_tres_aciertos" time="0.003" /><testcase classname="tests.test_partida_juego" name="test_puntos_cuatro_aciertos" time="0.004" /><testcase classname="tests.test_partida_juego" name="test_puntos_fallo_acierto_fallo_acierto" time="0.004" /><testcase classname="tests.test_partida_juego" name="test_puntos_fallo_y_tres_aciertos" time="0.004" /><testcase classname="tests.test_partida_juego" name="test_puntos_actualizar_otra_vez" time="0.004" /><testcase classname="tests.test_partida_juego" name="test_ronda_gana_finaliza_data" time="0.002" /><testcase classname="tests.test_partida_juego" name="test_puntos_fallo_acierto_data" time="0.003" /></testsuite></testsuites>