<?xml version="1.0" encoding="utf-8"?>
<testsuite errors="0" failures="1" name="mypy" skips="0" tests="1" time="4.106">
  <testcase classname="mypy" file="mypy" line="1" name="mypy-py3_11-linux" time="4.106">
    <failure message="mypy produced messages">juego.py:8: error: Function is missing a type annotation  [no-untyped-def]
        def __init__(self, palabra=None, data=None):
        ^
juego.py:22: error: Function is missing a type annotation  [no-untyped-def]
        def arriesgarLetra(self, letra):
        ^
juego.py:29: error: Call to untyped function "mostrarProgresoPalabra" in typed
context  [no-untyped-call]
                    if "_" not in self.mostrarProgresoPalabra():
                                  ^~~~~~~~~~~~~~~~~~~~~~~~~~~~~
juego.py:39: error: Function is missing a type annotation  [no-untyped-def]
        def arriesgarPalabra(self, palabra):
        ^
juego.py:49: error: Function is missing a return type annotation 
[no-untyped-def]
        def intentosDisponibles(self):
        ^
juego.py:53: error: Function is missing a return type annotation 
[no-untyped-def]
        def mostrarProgresoPalabra(self):
        ^
juego.py:64: error: Function is missing a return type annotation 
[no-untyped-def]
        def perdio(self):
        ^
juego.py:65: error: Call to untyped function "intentosDisponibles" in typed
context  [no-untyped-call]
            return not self.acerto and self.intentosDisponibles() == 0
                                       ^~~~~~~~~~~~~~~~~~~~~~~~~~
juego.py:67: error: Function is missing a return type annotation 
[no-untyped-def]
        def finalizo(self):
        ^
juego.py:68: error: Call to untyped function "perdio" in typed context 
[no-untyped-call]
            return self.acerto or self.perdio()
                                  ^~~~~~~~~~~~~
juego.py:70: error: Function is missing a return type annotation 
[no-untyped-def]
        def puntaje(self):
        ^
juego.py:71: error: Call to untyped function "intentosDisponibles" in typed
context  [no-untyped-call]
            return 0 if not self.acerto else self.intentosDisponibles()
                                             ^~~~~~~~~~~~~~~~~~~~~~~~~~
juego.py:73: error: Function is missing a return type annotation 
[no-untyped-def]
        def to_dict(self):
        ^
juego.py:80: error: Function is missing a type annotation  [no-untyped-def]
        def __init__(self, data=None):
        ^
juego.py:83: error: Cannot determine type of "juego"  [has-type]
                if self.juego:
                   ^~~~~~~~~~
juego.py:84: error: Call to untyped function "Juego" in typed context 
[no-untyped-call]
                    self.juego = Juego(data=self.juego)
                                 ^~~~~~~~~~~~~~~~~~~~~~
juego.py:84: error: Cannot determine type of "juego"  [has-type]
                    self.juego = Juego(data=self.juego)
                                            ^~~~~~~~~~
juego.py:88: error: Incompatible types in assignment (expression has type
"None", variable has type "Juego")  [assignment]
                self.juego = None
                             ^~~~
juego.py:91: error: Function is missing a type annotation  [no-untyped-def]
        def comenzarRonda(self, palabra):
        ^
juego.py:99: error: Call to untyped function "Juego" in typed context 
[no-untyped-call]
            self.juego = Juego(palabra)
                         ^~~~~~~~~~~~~~
juego.py:101: error: Function is missing a return type annotation 
[no-untyped-def]
        def actualizarPuntos(self):
        ^
juego.py:101: note: Use "-&gt; None" if function does not return a value
juego.py:103: error: Invalid index type "Any | None" for "list[int]"; expected
type "SupportsIndex"  [index]
                self.puntos[self.idJugadorActual] += self.juego.puntaje()
                            ^~~~~~~~~~~~~~~~~~~~
juego.py:103: error: Call to untyped function "puntaje" in typed context 
[no-untyped-call]
                self.puntos[self.idJugadorActual] += self.juego.puntaje()
                                                     ^~~~~~~~~~~~~~~~~~~~
juego.py:105: error: Function is missing a return type annotation 
[no-untyped-def]
        def rondaFinalizo(self):
        ^
juego.py:106: error: Call to untyped function "finalizo" in typed context 
[no-untyped-call]
            return self.juego is not None and self.juego.finalizo()
                                              ^~~~~~~~~~~~~~~~~~~~~
juego.py:108: error: Function is missing a return type annotation 
[no-untyped-def]
        def finalizo(self):
        ^
juego.py:109: error: Call to untyped function "rondaFinalizo" in typed context 
[no-untyped-call]
            return self.rondaFinalizo() and self.rondas[0] == self.numRond...
                   ^~~~~~~~~~~~~~~~~~~~
juego.py:111: error: Function is missing a type annotation  [no-untyped-def]
        def puntosJugador(self, idJugador):
        ^
juego.py:114: error: Function is missing a return type annotation 
[no-untyped-def]
        def to_dict(self):
        ^
features/steps/juego_steps.py:1: error: Cannot find implementation or library
stub for module named "behave"  [import-not-found]
    from behave import given, when, then
    ^
features/steps/juego_steps.py:1: note: See https://mypy.readthedocs.io/en/stable/running_mypy.html#missing-imports
features/steps/juego_steps.py:10: error: Name "step_impl" already defined on
line 5  [no-redef]
    @when("I start the game")
     ^
features/steps/juego_steps.py:15: error: Name "step_impl" already defined on
line 5  [no-redef]
    @then('I should see the masked word "{expected_progress}"')
     ^
features/steps/juego_steps.py:20: error: Name "step_impl" already defined on
line 5  [no-redef]
    @when('I guess the letter "{letter}"')
     ^
features/steps/juego_steps.py:25: error: Name "step_impl" already defined on
line 5  [no-redef]
    @then('I should see "{expected_progress}"')
     ^
features/steps/juego_steps.py:30: error: Name "step_impl" already defined on
line 5  [no-redef]
    @when('I guess the word "{word}"')
     ^
features/steps/juego_steps.py:35: error: Name "step_impl" already defined on
line 5  [no-redef]
    @then("the remaining attempts should be {expected_attempts:d}")
     ^
app.py:11: error: Function is missing a return type annotation 
[no-untyped-def]
    def index():
    ^
app.py:15: error: Function is missing a return type annotation 
[no-untyped-def]
    def iniciar_juego():
    ^
app.py:15: note: Use "-&gt; None" if function does not return a value
app.py:18: error: Call to untyped function "Juego" in typed context 
[no-untyped-call]
            juego = Juego(palabra=palabra)
                    ^~~~~~~~~~~~~~~~~~~~~~
app.py:19: error: Call to untyped function "to_dict" in typed context 
[no-untyped-call]
            session["juego"] = juego.to_dict()
                               ^~~~~~~~~~~~~~~
app.py:24: error: Function is missing a type annotation  [no-untyped-def]
    def arriesgar(juego):
    ^
app.py:34: error: Function is missing a return type annotation 
[no-untyped-def]
    def juego():
    ^
app.py:37: error: Call to untyped function "iniciar_juego" in typed context 
[no-untyped-call]
                iniciar_juego()
                ^~~~~~~~~~~~~~~
app.py:40: error: Call to untyped function "Juego" in typed context 
[no-untyped-call]
        juego = Juego(data=session["juego"])
                ^~~~~~~~~~~~~~~~~~~~~~~~~~~~
app.py:43: error: Call to untyped function "arriesgar" in typed context 
[no-untyped-call]
            resultado = arriesgar(juego)
                        ^~~~~~~~~~~~~~~~
app.py:44: error: Call to untyped function "to_dict" in typed context 
[no-untyped-call]
            session["juego"] = juego.to_dict()
                               ^~~~~~~~~~~~~~~
app.py:48: error: Function is missing a type annotation  [no-untyped-def]
    def url_redireccion(fallback=None):
    ^
app.py:56: error: Function is missing a return type annotation 
[no-untyped-def]
    def finalizar():
    ^
app.py:60: error: Call to untyped function "url_redireccion" in typed context 
[no-untyped-call]
        return redirect(url_redireccion())
                        ^~~~~~~~~~~~~~~~~
app.py:63: error: Function is missing a return type annotation 
[no-untyped-def]
    def iniciar_partida():
    ^
app.py:63: note: Use "-&gt; None" if function does not return a value
app.py:66: error: Call to untyped function "Partida" in typed context 
[no-untyped-call]
        p = Partida()
            ^~~~~~~~~
app.py:67: error: Call to untyped function "to_dict" in typed context 
[no-untyped-call]
        session["partida"] = p.to_dict()
                             ^~~~~~~~~~~
app.py:70: error: Function is missing a type annotation  [no-untyped-def]
    def iniciar_ronda(partida):
    ^
app.py:77: error: Function is missing a return type annotation 
[no-untyped-def]
    def partida():
    ^
app.py:79: error: Call to untyped function "Partida" in typed context 
[no-untyped-call]
        partida = Partida(data=session["partida"]) if "partida" in session...
                  ^~~~~~~~~~~~~~~~~~~~~~~~~~~~~~~~
app.py:82: error: Call to untyped function "iniciar_partida" in typed context 
[no-untyped-call]
                iniciar_partida()
                ^~~~~~~~~~~~~~~~~
app.py:90: error: Call to untyped function "rondaFinalizo" in typed context 
[no-untyped-call]
    ...iciar_ronda = partida.idJugadorActual is None or partida.rondaFinalizo...
                                                        ^~~~~~~~~~~~~~~~~~~~~~~
app.py:94: error: Call to untyped function "finalizo" in typed context 
[no-untyped-call]
            if not partida.finalizo():
                   ^~~~~~~~~~~~~~~~~~
app.py:96: error: "Literal[True]" not callable  [misc]
                    iniciar_ronda(partida)
                    ^~~~~~~~~~~~~~~~~~~~~~
app.py:98: error: Call to untyped function "arriesgar" in typed context 
[no-untyped-call]
                    arriesgar(partida.juego)
                    ^~~~~~~~~~~~~~~~~~~~~~~~
app.py:99: error: Call to untyped function "actualizarPuntos" in typed context 
[no-untyped-call]
                    partida.actualizarPuntos()
                    ^~~~~~~~~~~~~~~~~~~~~~~~~~
app.py:100: error: Call to untyped function "to_dict" in typed context 
[no-untyped-call]
                    session["partida"] = partida.to_dict()
                                         ^~~~~~~~~~~~~~~~~</failure>
  </testcase>
</testsuite>
