<?xml version="1.0" encoding="utf-8"?>
<testsuite errors="0" failures="1" name="mypy" skips="0" tests="1" time="4.026">
  <testcase classname="mypy" file="mypy" line="1" name="mypy-py3_11-linux" time="4.026">
    <failure message="mypy produced messages">ahorcado.py:18: error: Missing type parameters for generic type "dict" 
[type-arg]
    ...__init__(self, palabra: str | None = None, data: dict | None = None) -...
                                                        ^
ahorcado.py:23: error: Item "None" of "str | None" has no attribute "replace" 
[union-attr]
                if not palabra.replace(" ", "").isalpha():
                       ^~~~~~~~~~~~~~~
ahorcado.py:26: error: Item "None" of "str | None" has no attribute "lower" 
[union-attr]
                self.palabra = palabra.lower()
                               ^~~~~~~~~~~~~
ahorcado.py:29: error: Need type annotation for "letras_usadas" (hint:
"letras_usadas: list[&lt;type&gt;] = ...")  [var-annotated]
                self.letras_usadas = []
                ^~~~~~~~~~~~~~~~~~
ahorcado.py:92: error: Missing type parameters for generic type "dict" 
[type-arg]
        def to_dict(self) -&gt; dict:
                             ^
ahorcado.py:103: error: Missing type parameters for generic type "dict" 
[type-arg]
        def __init__(self, data: dict | None = None) -&gt; None:
                                 ^
ahorcado.py:107: error: Cannot determine type of "juego"  [has-type]
                if self.juego:
                   ^~~~~~~~~~
ahorcado.py:108: error: Cannot determine type of "juego"  [has-type]
                    self.juego = Juego(data=self.juego)
                                            ^~~~~~~~~~
ahorcado.py:112: error: Incompatible types in assignment (expression has type
"None", variable has type "Juego")  [assignment]
                self.juego = None
                             ^~~~
ahorcado.py:118: error: Incompatible types in assignment (expression has type
"int", variable has type "None")  [assignment]
                self.id_jugador_actual = 1
                                         ^
ahorcado.py:121: error: No overload variant of "__getitem__" of "list" matches
argument type "None"  [call-overload]
            self.rondas[self.id_jugador_actual] += 1
            ^~~~~~~~~~~~~~~~~~~~~~~~~~~~~~~~~~~
ahorcado.py:121: note: Possible overload variants:
ahorcado.py:121: note:     def __getitem__(self, SupportsIndex, /) -&gt; int
ahorcado.py:121: note:     def __getitem__(self, slice, /) -&gt; list[int]
ahorcado.py:121: error: No overload variant of "__setitem__" of "list" matches
argument types "None", "Any"  [call-overload]
            self.rondas[self.id_jugador_actual] += 1
            ^~~~~~~~~~~~~~~~~~~~~~~~~~~~~~~~~~~
ahorcado.py:121: note:     def __setitem__(self, SupportsIndex, int, /) -&gt; None
ahorcado.py:121: note:     def __setitem__(self, slice, Iterable[int], /) -&gt; None
ahorcado.py:127: error: No overload variant of "__getitem__" of "list" matches
argument type "None"  [call-overload]
                self.puntos[self.id_jugador_actual] += self.juego.puntaje(...
                ^~~~~~~~~~~~~~~~~~~~~~~~~~~~~~~~~~~
ahorcado.py:127: note: Possible overload variants:
ahorcado.py:127: note:     def __getitem__(self, SupportsIndex, /) -&gt; int
ahorcado.py:127: note:     def __getitem__(self, slice, /) -&gt; list[int]
ahorcado.py:127: error: No overload variant of "__setitem__" of "list" matches
argument types "None", "Any"  [call-overload]
                self.puntos[self.id_jugador_actual] += self.juego.puntaje(...
                ^~~~~~~~~~~~~~~~~~~~~~~~~~~~~~~~~~~
ahorcado.py:127: note:     def __setitem__(self, SupportsIndex, int, /) -&gt; None
ahorcado.py:127: note:     def __setitem__(self, slice, Iterable[int], /) -&gt; None
ahorcado.py:141: error: Missing type parameters for generic type "dict" 
[type-arg]
        def to_dict(self) -&gt; dict:
                             ^
app.py:44: error: Incompatible return value type (got "Response", expected
"str")  [return-value]
                return redirect(url_for("juego"))
                       ^~~~~~~~~~~~~~~~~~~~~~~~~~
app.py:68: error: Incompatible return value type (got
"werkzeug.wrappers.response.Response", expected "flask.wrappers.Response") 
[return-value]
        return redirect(url_redireccion())
               ^~~~~~~~~~~~~~~~~~~~~~~~~~~
app.py:94: error: Incompatible return value type (got "Response", expected
"str")  [return-value]
                return redirect(url_for("partida"))
                       ^~~~~~~~~~~~~~~~~~~~~~~~~~~~
app.py:114: error: Incompatible return value type (got "Response", expected
"str")  [return-value]
            return redirect(url_for("partida"))
                   ^~~~~~~~~~~~~~~~~~~~~~~~~~~~</failure>
  </testcase>
</testsuite>
